<?xml version="1.0" encoding="UTF-8"?>
<!-- Generated by org.testng.reporters.JUnitReportReporter -->
<testsuite hostname="Ankit" failures="0" tests="2" name="RestAssuredPractice.CheckForValidResponse" time="2.500" errors="0" timestamp="2025-09-09T17:04:37 IST" skipped="0">
  <testcase classname="RestAssuredPractice.CheckForValidResponse" name="GetSingleUser" time="2.231"/>
  <testcase classname="RestAssuredPractice.CheckForValidResponse" name="Test02_BDD" time="0.269"/>
</testsuite> <!-- RestAssuredPractice.CheckForValidResponse -->
