<?xml version="1.0" encoding="UTF-8"?>
<!-- Generated by org.testng.reporters.JUnitReportReporter -->
<testsuite hostname="Ankit" failures="0" tests="2" name="RestAssuredPractice.ResponseBuilder" time="4.255" errors="0" timestamp="2025-09-15T13:07:12 IST" skipped="0">
  <testcase classname="RestAssuredPractice.ResponseBuilder" name="withoutresponsebuilder" time="2.169"/>
  <testcase classname="RestAssuredPractice.ResponseBuilder" name="withresponsebuilder" time="2.086"/>
</testsuite> <!-- RestAssuredPractice.ResponseBuilder -->
