<?xml version="1.0" encoding="UTF-8"?>
<!-- Generated by org.testng.reporters.JUnitReportReporter -->
<testsuite hostname="Ankit" failures="0" tests="1" name="RestAssuredPractice.PatchMethod" time="12.756" errors="0" timestamp="2025-09-09T10:35:57 IST" skipped="0">
  <testcase classname="RestAssuredPractice.PatchMethod" name="test01" time="12.756"/>
</testsuite> <!-- RestAssuredPractice.PatchMethod -->
