<?xml version="1.0" encoding="UTF-8"?>
<!-- Generated by org.testng.reporters.JUnitReportReporter -->
<testsuite hostname="Ankit" failures="0" tests="1" name="RestAssuredPractice.CreatePOJOClassForJSonArray" time="2.704" errors="0" timestamp="2025-09-14T12:01:06 IST" skipped="0">
  <testcase classname="RestAssuredPractice.CreatePOJOClassForJSonArray" name="createEmployeeJsonArray" time="2.704"/>
</testsuite> <!-- RestAssuredPractice.CreatePOJOClassForJSonArray -->
