<?xml version="1.0" encoding="UTF-8"?>
<!-- Generated by org.testng.reporters.JUnitReportReporter -->
<testsuite hostname="Ankit" failures="0" tests="1" name="RestAssuredPractice.DeserialiaztionDemo" time="2.698" errors="0" timestamp="2025-09-11T21:26:29 IST" skipped="0">
  <testcase classname="RestAssuredPractice.DeserialiaztionDemo" name="CreateUser" time="2.698"/>
</testsuite> <!-- RestAssuredPractice.DeserialiaztionDemo -->
