<?xml version="1.0" encoding="UTF-8"?>
<!-- Generated by org.testng.reporters.JUnitReportReporter -->
<testsuite hostname="Ankit" failures="0" tests="1" name="RestAssuredPractice.DeleteMethod" time="3.171" errors="0" timestamp="2025-09-09T10:52:45 IST" skipped="0">
  <testcase classname="RestAssuredPractice.DeleteMethod" name="testo1" time="3.171"/>
</testsuite> <!-- RestAssuredPractice.DeleteMethod -->
