<?xml version="1.0" encoding="UTF-8"?>
<!-- Generated by org.testng.reporters.JUnitReportReporter -->
<testsuite hostname="Ankit" failures="0" tests="2" name="RestAssuredPractice.Authorization" time="7.050" errors="0" timestamp="2025-09-10T23:57:13 IST" skipped="0">
  <testcase classname="RestAssuredPractice.Authorization" name="BasicAuth" time="2.587"/>
  <testcase classname="RestAssuredPractice.Authorization" name="digestAuth" time="4.463"/>
</testsuite> <!-- RestAssuredPractice.Authorization -->
