<?xml version="1.0" encoding="UTF-8"?>
<!-- Generated by org.testng.reporters.JUnitReportReporter -->
<testsuite hostname="Ankit" failures="0" tests="1" name="RestAssuredPractice.QueryRequestSpecification" time="0.510" errors="0" timestamp="2025-09-11T21:54:14 IST" skipped="0">
  <testcase classname="RestAssuredPractice.QueryRequestSpecification" name="createUser" time="0.510"/>
</testsuite> <!-- RestAssuredPractice.QueryRequestSpecification -->
