<?xml version="1.0" encoding="UTF-8"?>
<!-- Generated by org.testng.reporters.JUnitReportReporter -->
<testsuite hostname="Ankit" failures="0" tests="1" name="RestAssuredPractice.JSONObjectUSingJacksonAPI" time="0.281" errors="0" timestamp="2025-09-12T21:14:42 IST" skipped="0">
  <testcase classname="RestAssuredPractice.JSONObjectUSingJacksonAPI" name="creatUser" time="0.281"/>
</testsuite> <!-- RestAssuredPractice.JSONObjectUSingJacksonAPI -->
