<?xml version="1.0" encoding="UTF-8"?>
<!-- Generated by org.testng.reporters.JUnitReportReporter -->
<testsuite hostname="Ankit" failures="0" tests="2" name="RestAssuredPractice.JOSONArrayDemo" time="3.321" errors="0" timestamp="2025-09-12T13:48:39 IST" skipped="0">
  <testcase classname="RestAssuredPractice.JOSONArrayDemo" name="test01" time="0.893"/>
  <testcase classname="RestAssuredPractice.JOSONArrayDemo" name="test" time="2.428"/>
</testsuite> <!-- RestAssuredPractice.JOSONArrayDemo -->
