<?xml version="1.0" encoding="UTF-8"?>
<!-- Generated by org.testng.reporters.JUnitReportReporter -->
<testsuite hostname="Ankit" failures="0" tests="1" name="RestAssuredPractice.QueryParameter" time="3.219" errors="0" timestamp="2025-09-10T13:24:33 IST" skipped="0">
  <testcase classname="RestAssuredPractice.QueryParameter" name="Test01" time="3.219"/>
</testsuite> <!-- RestAssuredPractice.QueryParameter -->
