<?xml version="1.0" encoding="UTF-8"?>
<!-- Generated by org.testng.reporters.JUnitReportReporter -->
<testsuite hostname="Ankit" failures="0" tests="1" name="RestAssuredPractice.NestedJSon" time="0.279" errors="0" timestamp="2025-09-14T15:57:54 IST" skipped="0">
  <testcase classname="RestAssuredPractice.NestedJSon" name="testo1" time="0.279"/>
</testsuite> <!-- RestAssuredPractice.NestedJSon -->
