<?xml version="1.0" encoding="UTF-8"?>
<!-- Generated by org.testng.reporters.JUnitReportReporter -->
<testsuite hostname="Ankit" failures="0" tests="2" name="RestAssuredPractice.JSONObjectMap" time="2.575" errors="0" timestamp="2025-09-12T12:34:56 IST" skipped="0">
  <testcase classname="RestAssuredPractice.JSONObjectMap" name="testo1" time="0.567"/>
  <testcase classname="RestAssuredPractice.JSONObjectMap" name="test02" time="2.008"/>
</testsuite> <!-- RestAssuredPractice.JSONObjectMap -->
