<?xml version="1.0" encoding="UTF-8"?>
<!-- Generated by org.testng.reporters.JUnitReportReporter -->
<testsuite hostname="Ankit" failures="0" tests="1" name="FirstGetRequest" time="2.607" errors="0" timestamp="2025-09-07T23:27:45 IST" skipped="0">
  <testcase classname="FirstGetRequest" name="testCase01" time="2.607"/>
</testsuite> <!-- FirstGetRequest -->
