<?xml version="1.0" encoding="UTF-8"?>
<!-- Generated by org.testng.reporters.JUnitReportReporter -->
<testsuite hostname="Ankit" failures="0" tests="2" name="TestNG.CreateTestNGClass" time="0.002" errors="0" timestamp="2025-09-16T10:18:27 IST" skipped="1">
  <testcase classname="TestNG.CreateTestNGClass" name="test1" time="0.002"/>
  <testcase classname="TestNG.CreateTestNGClass" name="test2">
    <skipped/>
  </testcase> <!-- test2 -->
</testsuite> <!-- TestNG.CreateTestNGClass -->
