<?xml version="1.0" encoding="UTF-8"?>
<!-- Generated by org.testng.reporters.JUnitReportReporter -->
<testsuite hostname="Ankit" failures="0" tests="4" name="RestAssuredPractice.HeadersType" time="4.329" errors="0" timestamp="2025-09-15T10:52:03 IST" skipped="0">
  <testcase classname="RestAssuredPractice.HeadersType" name="headerclass" time="0.608"/>
  <testcase classname="RestAssuredPractice.HeadersType" name="header" time="2.803"/>
  <testcase classname="RestAssuredPractice.HeadersType" name="headers" time="0.444"/>
  <testcase classname="RestAssuredPractice.HeadersType" name="headersclass" time="0.474"/>
</testsuite> <!-- RestAssuredPractice.HeadersType -->
