<?xml version="1.0" encoding="UTF-8"?>
<!-- Generated by org.testng.reporters.JUnitReportReporter -->
<testsuite hostname="Ankit" failures="0" tests="4" name="TestNG.DataProviderss" time="0.011" errors="0" timestamp="2025-09-16T21:35:31 IST" skipped="0">
  <testcase classname="TestNG.DataProviderss" name="add" time="0.000"/>
  <testcase classname="TestNG.DataProviderss" name="add" time="0.009"/>
  <testcase classname="TestNG.DataProviderss" name="add" time="0.001"/>
  <testcase classname="TestNG.DataProviderss" name="add" time="0.001"/>
</testsuite> <!-- TestNG.DataProviderss -->
