<?xml version="1.0" encoding="UTF-8"?>
<!-- Generated by org.testng.reporters.JUnitReportReporter -->
<testsuite hostname="Ankit" failures="0" tests="1" name="RestAssuredPractice.ValidateXMLResponse" time="4.162" errors="0" timestamp="2025-09-12T00:53:35 IST" skipped="0">
  <testcase classname="RestAssuredPractice.ValidateXMLResponse" name="AddPet" time="4.162"/>
</testsuite> <!-- RestAssuredPractice.ValidateXMLResponse -->
