<?xml version="1.0" encoding="UTF-8"?>
<!-- Generated by org.testng.reporters.JUnitReportReporter -->
<testsuite hostname="Ankit" failures="0" tests="1" name="RestAssuredPractice.SereializationAndDeserialiazation" time="0.204" errors="0" timestamp="2025-09-14T10:24:29 IST" skipped="0">
  <testcase classname="RestAssuredPractice.SereializationAndDeserialiazation" name="serialization" time="0.204"/>
</testsuite> <!-- RestAssuredPractice.SereializationAndDeserialiazation -->
