<?xml version="1.0" encoding="UTF-8"?>
<!-- Generated by org.testng.reporters.JUnitReportReporter -->
<testsuite hostname="Ankit" failures="0" tests="2" name="RestAssuredPractice.GetMethod" time="2.535" errors="0" timestamp="2025-09-10T10:34:30 IST" skipped="0">
  <testcase classname="RestAssuredPractice.GetMethod" name="test01" time="2.140"/>
  <testcase classname="RestAssuredPractice.GetMethod" name="test02" time="0.395"/>
</testsuite> <!-- RestAssuredPractice.GetMethod -->
