<?xml version="1.0" encoding="UTF-8"?>
<!-- Generated by org.testng.reporters.JUnitReportReporter -->
<testsuite hostname="Ankit" failures="0" tests="1" name="RestAssuredPractice.PostMethod" time="2.402" errors="0" timestamp="2025-09-09T09:40:58 IST" skipped="0">
  <testcase classname="RestAssuredPractice.PostMethod" name="Test01" time="2.402"/>
</testsuite> <!-- RestAssuredPractice.PostMethod -->
