<?xml version="1.0" encoding="UTF-8"?>
<!-- Generated by org.testng.reporters.JUnitReportReporter -->
<testsuite hostname="Ankit" failures="0" tests="2" name="RestAssuredPractice.AutgorizationDemoOAuth" time="4.144" errors="0" timestamp="2025-09-11T14:28:15 IST" skipped="0">
  <testcase classname="RestAssuredPractice.AutgorizationDemoOAuth" name="oAuth2" time="2.955"/>
  <testcase classname="RestAssuredPractice.AutgorizationDemoOAuth" name="invoice" time="1.189"/>
</testsuite> <!-- RestAssuredPractice.AutgorizationDemoOAuth -->
