<?xml version="1.0" encoding="UTF-8"?>
<!-- Generated by org.testng.reporters.JUnitReportReporter -->
<testsuite hostname="Ankit" failures="0" tests="2" name="TestNG.ParallelExecution" time="0.032" errors="0" timestamp="2025-09-16T22:01:34 IST" skipped="0">
  <testcase classname="TestNG.ParallelExecution" name="test1" time="0.016"/>
  <testcase classname="TestNG.ParallelExecution" name="test2" time="0.016"/>
</testsuite> <!-- TestNG.ParallelExecution -->
