<?xml version="1.0" encoding="UTF-8"?>
<!-- Generated by org.testng.reporters.JUnitReportReporter -->
<testsuite hostname="Ankit" failures="0" tests="1" name="RestAssuredPractice.FileUploadDemo" time="5.043" errors="0" timestamp="2025-09-12T21:59:02 IST" skipped="0">
  <testcase classname="RestAssuredPractice.FileUploadDemo" name="uploadFile" time="5.043"/>
</testsuite> <!-- RestAssuredPractice.FileUploadDemo -->
