<?xml version="1.0" encoding="UTF-8"?>
<!-- Generated by org.testng.reporters.JUnitReportReporter -->
<testsuite hostname="Ankit" failures="0" tests="1" name="RestAssuredPractice.ValidateResponseHeader" time="2.047" errors="0" timestamp="2025-09-09T23:37:45 IST" skipped="0">
  <testcase classname="RestAssuredPractice.ValidateResponseHeader" name="Test01" time="2.047"/>
</testsuite> <!-- RestAssuredPractice.ValidateResponseHeader -->
