<?xml version="1.0" encoding="UTF-8"?>
<!-- Generated by org.testng.reporters.JUnitReportReporter -->
<testsuite hostname="Ankit" failures="0" tests="1" name="RestAssuredPractice.PutMethod" time="3.026" errors="0" timestamp="2025-09-09T10:12:16 IST" skipped="0">
  <testcase classname="RestAssuredPractice.PutMethod" name="test01" time="3.026"/>
</testsuite> <!-- RestAssuredPractice.PutMethod -->
